This file contains any messages produced by compilers while
running configure, to aid debugging if configure makes a mistake.

It was created by LinuxUtils configure 4.0.0, which was
generated by GNU Autoconf 2.59.  Invocation command line was

  $ ./configure --host=arm-arago-linux-gnueabi

## --------- ##
## Platform. ##
## --------- ##

hostname = CM50T02
uname -m = x86_64
uname -r = 4.2.0-38-generic
uname -s = Linux
uname -v = #45-Ubuntu SMP Wed Jun 8 21:21:49 UTC 2016

/usr/bin/uname -p = unknown
/bin/uname -X     = unknown

/bin/arch              = unknown
/usr/bin/arch -k       = unknown
/usr/convex/getsysinfo = unknown
hostinfo               = unknown
/bin/machine           = unknown
/usr/bin/oslevel       = unknown
/bin/universe          = unknown

PATH: /usr/bin/arago-2011.09/armv5te/bin
PATH: /home/anirudh/.linuxbrew/bin
PATH: /usr/local/heroku/bin
PATH: /home/anirudh/bin
PATH: /usr/local/sbin
PATH: /usr/local/bin
PATH: /usr/sbin
PATH: /usr/bin
PATH: /sbin
PATH: /bin
PATH: /usr/games
PATH: /usr/local/games


## ----------- ##
## Core tests. ##
## ----------- ##

configure:1545: checking for a BSD-compatible install
configure:1600: result: /usr/bin/install -c
configure:1611: checking whether build environment is sane
configure:1654: result: yes
configure:1719: checking for gawk
configure:1748: result: no
configure:1719: checking for mawk
configure:1735: found /usr/bin/mawk
configure:1745: result: mawk
configure:1755: checking whether make sets $(MAKE)
configure:1775: result: yes
configure:1851: checking for arm-arago-linux-gnueabi-strip
configure:1867: found /usr/bin/arago-2011.09/armv5te/bin/arm-arago-linux-gnueabi-strip
configure:1877: result: arm-arago-linux-gnueabi-strip
configure:1945: checking whether to enable maintainer-specific portions of Makefiles
configure:1954: result: no
configure:2049: checking build system type
configure:2067: result: x86_64-unknown-linux
configure:2075: checking host system type
configure:2089: result: arm-arago-linux-gnueabi
configure:2109: checking for style of include used by make
configure:2137: result: GNU
configure:2170: checking for arm-arago-linux-gnueabi-gcc
configure:2186: found /usr/bin/arago-2011.09/armv5te/bin/arm-arago-linux-gnueabi-gcc
configure:2196: result: arm-arago-linux-gnueabi-gcc
configure:2478: checking for C compiler version
configure:2481: arm-arago-linux-gnueabi-gcc --version </dev/null >&5
arm-arago-linux-gnueabi-gcc (GCC) 4.5.3 20110311 (prerelease)
Copyright (C) 2010 Free Software Foundation, Inc.
This is free software; see the source for copying conditions.  There is NO
warranty; not even for MERCHANTABILITY or FITNESS FOR A PARTICULAR PURPOSE.

configure:2484: $? = 0
configure:2486: arm-arago-linux-gnueabi-gcc -v </dev/null >&5
Using built-in specs.
COLLECT_GCC=arm-arago-linux-gnueabi-gcc
Target: arm-arago-linux-gnueabi
Configured with: /home/a0868396/toolchain/arago-tmp/work/i686-armv5te-sdk-arago-linux-gnueabi/gcc-cross-sdk-4.5-r41.2+svnr170880-arago1/gcc-4_5-branch/configure --build=i686-linux --host=i686-linux --target=arm-arago-linux-gnueabi --prefix=/arago-2011.09/armv5te --exec_prefix=/arago-2011.09/armv5te --bindir=/arago-2011.09/armv5te/bin --sbindir=/arago-2011.09/armv5te/bin --libexecdir=/arago-2011.09/armv5te/libexec --datadir=/arago-2011.09/armv5te/share --sysconfdir=/arago-2011.09/armv5te/etc --sharedstatedir=/arago-2011.09/armv5te/share/com --localstatedir=/arago-2011.09/armv5te/var --libdir=/arago-2011.09/armv5te/lib --includedir=/arago-2011.09/armv5te/include --oldincludedir=/arago-2011.09/armv5te/include --infodir=/arago-2011.09/armv5te/share/info --mandir=/arago-2011.09/armv5te/share/man --enable-largefile --disable-nls --enable-ipv6 --with-gnu-ld --enable-shared --enable-languages=c,c++,objc,fortran --enable-threads=posix --disable-multilib --enable-c99 --enable-long-long --enable-symvers=gnu --enable-libstdcxx-pch --program-prefix=arm-arago-linux-gnueabi- --enable-target-optspace --enable-lto --enable-libssp --disable-bootstrap --disable-libgomp --disable-libmudflap --with-float=soft --with-sysroot=/arago-2011.09/armv5te/arm-arago-linux-gnueabi --with-build-time-tools=/home/a0868396/toolchain/arago-tmp/sysroots/i686-linux/usr/armv5te/arm-arago-linux-gnueabi/bin --with-build-sysroot=/home/a0868396/toolchain/arago-tmp/sysroots/armv5te-arago-linux-gnueabi --disable-libunwind-exceptions --with-mpfr=/home/a0868396/toolchain/arago-tmp/sysroots/i686-linux/usr --with-system-zlib --enable-__cxa_atexit --with-ppl=no --with-cloog=no
Thread model: posix
gcc version 4.5.3 20110311 (prerelease) (GCC) 
configure:2489: $? = 0
configure:2491: arm-arago-linux-gnueabi-gcc -V </dev/null >&5
arm-arago-linux-gnueabi-gcc: '-V' option must have argument
configure:2494: $? = 1
configure:2517: checking for C compiler default output file name
configure:2520: arm-arago-linux-gnueabi-gcc    conftest.c  >&5
configure:2523: $? = 0
configure:2569: result: a.out
configure:2574: checking whether the C compiler works
configure:2580: ./a.out
./configure: line 2581: ./a.out: cannot execute binary file: Exec format error
configure:2583: $? = 126
configure:2600: result: yes
configure:2607: checking whether we are cross compiling
configure:2609: result: yes
configure:2612: checking for suffix of executables
configure:2614: arm-arago-linux-gnueabi-gcc -o conftest    conftest.c  >&5
configure:2617: $? = 0
configure:2642: result: 
configure:2648: checking for suffix of object files
configure:2669: arm-arago-linux-gnueabi-gcc -c   conftest.c >&5
configure:2672: $? = 0
configure:2694: result: o
configure:2698: checking whether we are using the GNU C compiler
configure:2722: arm-arago-linux-gnueabi-gcc -c   conftest.c >&5
configure:2728: $? = 0
configure:2732: test -z 
			 || test ! -s conftest.err
configure:2735: $? = 0
configure:2738: test -s conftest.o
configure:2741: $? = 0
configure:2754: result: yes
configure:2760: checking whether arm-arago-linux-gnueabi-gcc accepts -g
configure:2781: arm-arago-linux-gnueabi-gcc -c -g  conftest.c >&5
configure:2787: $? = 0
configure:2791: test -z 
			 || test ! -s conftest.err
configure:2794: $? = 0
configure:2797: test -s conftest.o
configure:2800: $? = 0
configure:2811: result: yes
configure:2828: checking for arm-arago-linux-gnueabi-gcc option to accept ANSI C
configure:2898: arm-arago-linux-gnueabi-gcc  -c -g -O2  conftest.c >&5
configure:2904: $? = 0
configure:2908: test -z 
			 || test ! -s conftest.err
configure:2911: $? = 0
configure:2914: test -s conftest.o
configure:2917: $? = 0
configure:2935: result: none needed
configure:2953: arm-arago-linux-gnueabi-gcc -c -g -O2  conftest.c >&5
conftest.c:2:9: error: expected '=', ',', ';', 'asm' or '__attribute__' before 'me'
configure:2959: $? = 1
configure: failed program was:
| #ifndef __cplusplus
|   choke me
| #endif
configure:3094: checking dependency style of arm-arago-linux-gnueabi-gcc
configure:3184: result: gcc3
configure:3201: checking for a sed that does not truncate output
configure:3255: result: /bin/sed
configure:3258: checking for egrep
configure:3268: result: grep -E
configure:3284: checking for ld used by arm-arago-linux-gnueabi-gcc
configure:3351: result: /usr/bin/arago-2011.09/armv5te/arm-arago-linux-gnueabi/bin/ld
configure:3360: checking if the linker (/usr/bin/arago-2011.09/armv5te/arm-arago-linux-gnueabi/bin/ld) is GNU ld
configure:3375: result: yes
configure:3380: checking for /usr/bin/arago-2011.09/armv5te/arm-arago-linux-gnueabi/bin/ld option to reload object files
configure:3387: result: -r
configure:3405: checking for BSD-compatible nm
configure:3454: result: /usr/bin/arago-2011.09/armv5te/bin/arm-arago-linux-gnueabi-nm -B
configure:3458: checking whether ln -s works
configure:3462: result: yes
configure:3469: checking how to recognise dependent libraries
configure:3645: result: pass_all
configure:3882: checking how to run the C preprocessor
configure:3917: arm-arago-linux-gnueabi-gcc -E  conftest.c
configure:3923: $? = 0
configure:3955: arm-arago-linux-gnueabi-gcc -E  conftest.c
conftest.c:11:28: fatal error: ac_nonexistent.h: No such file or directory
compilation terminated.
configure:3961: $? = 1
configure: failed program was:
| /* confdefs.h.  */
| 
| #define PACKAGE_NAME "LinuxUtils"
| #define PACKAGE_TARNAME "linuxutils"
| #define PACKAGE_VERSION "4.0.0"
| #define PACKAGE_STRING "LinuxUtils 4.0.0"
| #define PACKAGE_BUGREPORT ""
| #define PACKAGE "linuxutils"
| #define VERSION "4.0.0"
| /* end confdefs.h.  */
| #include <ac_nonexistent.h>
configure:4000: result: arm-arago-linux-gnueabi-gcc -E
configure:4024: arm-arago-linux-gnueabi-gcc -E  conftest.c
configure:4030: $? = 0
configure:4062: arm-arago-linux-gnueabi-gcc -E  conftest.c
conftest.c:11:28: fatal error: ac_nonexistent.h: No such file or directory
compilation terminated.
configure:4068: $? = 1
configure: failed program was:
| /* confdefs.h.  */
| 
| #define PACKAGE_NAME "LinuxUtils"
| #define PACKAGE_TARNAME "linuxutils"
| #define PACKAGE_VERSION "4.0.0"
| #define PACKAGE_STRING "LinuxUtils 4.0.0"
| #define PACKAGE_BUGREPORT ""
| #define PACKAGE "linuxutils"
| #define VERSION "4.0.0"
| /* end confdefs.h.  */
| #include <ac_nonexistent.h>
configure:4112: checking for ANSI C header files
configure:4137: arm-arago-linux-gnueabi-gcc -c -g -O2  conftest.c >&5
configure:4143: $? = 0
configure:4147: test -z 
			 || test ! -s conftest.err
configure:4150: $? = 0
configure:4153: test -s conftest.o
configure:4156: $? = 0
configure:4268: result: yes
configure:4292: checking for sys/types.h
configure:4308: arm-arago-linux-gnueabi-gcc -c -g -O2  conftest.c >&5
configure:4314: $? = 0
configure:4318: test -z 
			 || test ! -s conftest.err
configure:4321: $? = 0
configure:4324: test -s conftest.o
configure:4327: $? = 0
configure:4338: result: yes
configure:4292: checking for sys/stat.h
configure:4308: arm-arago-linux-gnueabi-gcc -c -g -O2  conftest.c >&5
configure:4314: $? = 0
configure:4318: test -z 
			 || test ! -s conftest.err
configure:4321: $? = 0
configure:4324: test -s conftest.o
configure:4327: $? = 0
configure:4338: result: yes
configure:4292: checking for stdlib.h
configure:4308: arm-arago-linux-gnueabi-gcc -c -g -O2  conftest.c >&5
configure:4314: $? = 0
configure:4318: test -z 
			 || test ! -s conftest.err
configure:4321: $? = 0
configure:4324: test -s conftest.o
configure:4327: $? = 0
configure:4338: result: yes
configure:4292: checking for string.h
configure:4308: arm-arago-linux-gnueabi-gcc -c -g -O2  conftest.c >&5
configure:4314: $? = 0
configure:4318: test -z 
			 || test ! -s conftest.err
configure:4321: $? = 0
configure:4324: test -s conftest.o
configure:4327: $? = 0
configure:4338: result: yes
configure:4292: checking for memory.h
configure:4308: arm-arago-linux-gnueabi-gcc -c -g -O2  conftest.c >&5
configure:4314: $? = 0
configure:4318: test -z 
			 || test ! -s conftest.err
configure:4321: $? = 0
configure:4324: test -s conftest.o
configure:4327: $? = 0
configure:4338: result: yes
configure:4292: checking for strings.h
configure:4308: arm-arago-linux-gnueabi-gcc -c -g -O2  conftest.c >&5
configure:4314: $? = 0
configure:4318: test -z 
			 || test ! -s conftest.err
configure:4321: $? = 0
configure:4324: test -s conftest.o
configure:4327: $? = 0
configure:4338: result: yes
configure:4292: checking for inttypes.h
configure:4308: arm-arago-linux-gnueabi-gcc -c -g -O2  conftest.c >&5
configure:4314: $? = 0
configure:4318: test -z 
			 || test ! -s conftest.err
configure:4321: $? = 0
configure:4324: test -s conftest.o
configure:4327: $? = 0
configure:4338: result: yes
configure:4292: checking for stdint.h
configure:4308: arm-arago-linux-gnueabi-gcc -c -g -O2  conftest.c >&5
configure:4314: $? = 0
configure:4318: test -z 
			 || test ! -s conftest.err
configure:4321: $? = 0
configure:4324: test -s conftest.o
configure:4327: $? = 0
configure:4338: result: yes
configure:4292: checking for unistd.h
configure:4308: arm-arago-linux-gnueabi-gcc -c -g -O2  conftest.c >&5
configure:4314: $? = 0
configure:4318: test -z 
			 || test ! -s conftest.err
configure:4321: $? = 0
configure:4324: test -s conftest.o
configure:4327: $? = 0
configure:4338: result: yes
configure:4364: checking dlfcn.h usability
configure:4376: arm-arago-linux-gnueabi-gcc -c -g -O2  conftest.c >&5
configure:4382: $? = 0
configure:4386: test -z 
			 || test ! -s conftest.err
configure:4389: $? = 0
configure:4392: test -s conftest.o
configure:4395: $? = 0
configure:4405: result: yes
configure:4409: checking dlfcn.h presence
configure:4419: arm-arago-linux-gnueabi-gcc -E  conftest.c
configure:4425: $? = 0
configure:4445: result: yes
configure:4480: checking for dlfcn.h
configure:4487: result: yes
configure:4510: checking for arm-arago-linux-gnueabi-g++
configure:4526: found /usr/bin/arago-2011.09/armv5te/bin/arm-arago-linux-gnueabi-g++
configure:4536: result: arm-arago-linux-gnueabi-g++
configure:4594: checking for C++ compiler version
configure:4597: arm-arago-linux-gnueabi-g++ --version </dev/null >&5
arm-arago-linux-gnueabi-g++ (GCC) 4.5.3 20110311 (prerelease)
Copyright (C) 2010 Free Software Foundation, Inc.
This is free software; see the source for copying conditions.  There is NO
warranty; not even for MERCHANTABILITY or FITNESS FOR A PARTICULAR PURPOSE.

configure:4600: $? = 0
configure:4602: arm-arago-linux-gnueabi-g++ -v </dev/null >&5
Using built-in specs.
COLLECT_GCC=arm-arago-linux-gnueabi-g++
Target: arm-arago-linux-gnueabi
Configured with: /home/a0868396/toolchain/arago-tmp/work/i686-armv5te-sdk-arago-linux-gnueabi/gcc-cross-sdk-4.5-r41.2+svnr170880-arago1/gcc-4_5-branch/configure --build=i686-linux --host=i686-linux --target=arm-arago-linux-gnueabi --prefix=/arago-2011.09/armv5te --exec_prefix=/arago-2011.09/armv5te --bindir=/arago-2011.09/armv5te/bin --sbindir=/arago-2011.09/armv5te/bin --libexecdir=/arago-2011.09/armv5te/libexec --datadir=/arago-2011.09/armv5te/share --sysconfdir=/arago-2011.09/armv5te/etc --sharedstatedir=/arago-2011.09/armv5te/share/com --localstatedir=/arago-2011.09/armv5te/var --libdir=/arago-2011.09/armv5te/lib --includedir=/arago-2011.09/armv5te/include --oldincludedir=/arago-2011.09/armv5te/include --infodir=/arago-2011.09/armv5te/share/info --mandir=/arago-2011.09/armv5te/share/man --enable-largefile --disable-nls --enable-ipv6 --with-gnu-ld --enable-shared --enable-languages=c,c++,objc,fortran --enable-threads=posix --disable-multilib --enable-c99 --enable-long-long --enable-symvers=gnu --enable-libstdcxx-pch --program-prefix=arm-arago-linux-gnueabi- --enable-target-optspace --enable-lto --enable-libssp --disable-bootstrap --disable-libgomp --disable-libmudflap --with-float=soft --with-sysroot=/arago-2011.09/armv5te/arm-arago-linux-gnueabi --with-build-time-tools=/home/a0868396/toolchain/arago-tmp/sysroots/i686-linux/usr/armv5te/arm-arago-linux-gnueabi/bin --with-build-sysroot=/home/a0868396/toolchain/arago-tmp/sysroots/armv5te-arago-linux-gnueabi --disable-libunwind-exceptions --with-mpfr=/home/a0868396/toolchain/arago-tmp/sysroots/i686-linux/usr --with-system-zlib --enable-__cxa_atexit --with-ppl=no --with-cloog=no
Thread model: posix
gcc version 4.5.3 20110311 (prerelease) (GCC) 
configure:4605: $? = 0
configure:4607: arm-arago-linux-gnueabi-g++ -V </dev/null >&5
arm-arago-linux-gnueabi-g++: '-V' option must have argument
configure:4610: $? = 1
configure:4613: checking whether we are using the GNU C++ compiler
configure:4637: arm-arago-linux-gnueabi-g++ -c   conftest.cc >&5
configure:4643: $? = 0
configure:4647: test -z 
			 || test ! -s conftest.err
configure:4650: $? = 0
configure:4653: test -s conftest.o
configure:4656: $? = 0
configure:4669: result: yes
configure:4675: checking whether arm-arago-linux-gnueabi-g++ accepts -g
configure:4696: arm-arago-linux-gnueabi-g++ -c -g  conftest.cc >&5
configure:4702: $? = 0
configure:4706: test -z 
			 || test ! -s conftest.err
configure:4709: $? = 0
configure:4712: test -s conftest.o
configure:4715: $? = 0
configure:4726: result: yes
configure:4768: arm-arago-linux-gnueabi-g++ -c -g -O2  conftest.cc >&5
configure:4774: $? = 0
configure:4778: test -z 
			 || test ! -s conftest.err
configure:4781: $? = 0
configure:4784: test -s conftest.o
configure:4787: $? = 0
configure:4813: arm-arago-linux-gnueabi-g++ -c -g -O2  conftest.cc >&5
conftest.cc: In function 'int main()':
conftest.cc:26:9: error: 'exit' was not declared in this scope
configure:4819: $? = 1
configure: failed program was:
| /* confdefs.h.  */
| 
| #define PACKAGE_NAME "LinuxUtils"
| #define PACKAGE_TARNAME "linuxutils"
| #define PACKAGE_VERSION "4.0.0"
| #define PACKAGE_STRING "LinuxUtils 4.0.0"
| #define PACKAGE_BUGREPORT ""
| #define PACKAGE "linuxutils"
| #define VERSION "4.0.0"
| #define STDC_HEADERS 1
| #define HAVE_SYS_TYPES_H 1
| #define HAVE_SYS_STAT_H 1
| #define HAVE_STDLIB_H 1
| #define HAVE_STRING_H 1
| #define HAVE_MEMORY_H 1
| #define HAVE_STRINGS_H 1
| #define HAVE_INTTYPES_H 1
| #define HAVE_STDINT_H 1
| #define HAVE_UNISTD_H 1
| #define HAVE_DLFCN_H 1
| /* end confdefs.h.  */
| 
| int
| main ()
| {
| exit (42);
|   ;
|   return 0;
| }
configure:4768: arm-arago-linux-gnueabi-g++ -c -g -O2  conftest.cc >&5
conftest.cc:22:40: error: 'void std::exit(int)' should have been declared inside 'std'
configure:4774: $? = 1
configure: failed program was:
| /* confdefs.h.  */
| 
| #define PACKAGE_NAME "LinuxUtils"
| #define PACKAGE_TARNAME "linuxutils"
| #define PACKAGE_VERSION "4.0.0"
| #define PACKAGE_STRING "LinuxUtils 4.0.0"
| #define PACKAGE_BUGREPORT ""
| #define PACKAGE "linuxutils"
| #define VERSION "4.0.0"
| #define STDC_HEADERS 1
| #define HAVE_SYS_TYPES_H 1
| #define HAVE_SYS_STAT_H 1
| #define HAVE_STDLIB_H 1
| #define HAVE_STRING_H 1
| #define HAVE_MEMORY_H 1
| #define HAVE_STRINGS_H 1
| #define HAVE_INTTYPES_H 1
| #define HAVE_STDINT_H 1
| #define HAVE_UNISTD_H 1
| #define HAVE_DLFCN_H 1
| /* end confdefs.h.  */
| extern "C" void std::exit (int) throw (); using std::exit;
| #include <stdlib.h>
| int
| main ()
| {
| exit (42);
|   ;
|   return 0;
| }
configure:4768: arm-arago-linux-gnueabi-g++ -c -g -O2  conftest.cc >&5
conftest.cc:22:31: error: 'void std::exit(int)' should have been declared inside 'std'
In file included from conftest.cc:23:0:
/usr/bin/arago-2011.09/armv5te/bin/../arm-arago-linux-gnueabi/usr/include/stdlib.h:544:70: error: declaration of 'void std::exit(int) throw ()' throws different exceptions
conftest.cc:22:17: error: from previous declaration 'void std::exit(int)'
configure:4774: $? = 1
configure: failed program was:
| /* confdefs.h.  */
| 
| #define PACKAGE_NAME "LinuxUtils"
| #define PACKAGE_TARNAME "linuxutils"
| #define PACKAGE_VERSION "4.0.0"
| #define PACKAGE_STRING "LinuxUtils 4.0.0"
| #define PACKAGE_BUGREPORT ""
| #define PACKAGE "linuxutils"
| #define VERSION "4.0.0"
| #define STDC_HEADERS 1
| #define HAVE_SYS_TYPES_H 1
| #define HAVE_SYS_STAT_H 1
| #define HAVE_STDLIB_H 1
| #define HAVE_STRING_H 1
| #define HAVE_MEMORY_H 1
| #define HAVE_STRINGS_H 1
| #define HAVE_INTTYPES_H 1
| #define HAVE_STDINT_H 1
| #define HAVE_UNISTD_H 1
| #define HAVE_DLFCN_H 1
| /* end confdefs.h.  */
| extern "C" void std::exit (int); using std::exit;
| #include <stdlib.h>
| int
| main ()
| {
| exit (42);
|   ;
|   return 0;
| }
configure:4768: arm-arago-linux-gnueabi-g++ -c -g -O2  conftest.cc >&5
configure:4774: $? = 0
configure:4778: test -z 
			 || test ! -s conftest.err
configure:4781: $? = 0
configure:4784: test -s conftest.o
configure:4787: $? = 0
configure:4813: arm-arago-linux-gnueabi-g++ -c -g -O2  conftest.cc >&5
configure:4819: $? = 0
configure:4823: test -z 
			 || test ! -s conftest.err
configure:4826: $? = 0
configure:4829: test -s conftest.o
configure:4832: $? = 0
configure:4857: checking dependency style of arm-arago-linux-gnueabi-g++
configure:4947: result: gcc3
configure:4974: checking how to run the C++ preprocessor
configure:5005: arm-arago-linux-gnueabi-g++ -E  conftest.cc
configure:5011: $? = 0
configure:5043: arm-arago-linux-gnueabi-g++ -E  conftest.cc
conftest.cc:25:28: fatal error: ac_nonexistent.h: No such file or directory
compilation terminated.
configure:5049: $? = 1
configure: failed program was:
| /* confdefs.h.  */
| 
| #define PACKAGE_NAME "LinuxUtils"
| #define PACKAGE_TARNAME "linuxutils"
| #define PACKAGE_VERSION "4.0.0"
| #define PACKAGE_STRING "LinuxUtils 4.0.0"
| #define PACKAGE_BUGREPORT ""
| #define PACKAGE "linuxutils"
| #define VERSION "4.0.0"
| #define STDC_HEADERS 1
| #define HAVE_SYS_TYPES_H 1
| #define HAVE_SYS_STAT_H 1
| #define HAVE_STDLIB_H 1
| #define HAVE_STRING_H 1
| #define HAVE_MEMORY_H 1
| #define HAVE_STRINGS_H 1
| #define HAVE_INTTYPES_H 1
| #define HAVE_STDINT_H 1
| #define HAVE_UNISTD_H 1
| #define HAVE_DLFCN_H 1
| #ifdef __cplusplus
| extern "C" void exit (int) throw ();
| #endif
| /* end confdefs.h.  */
| #include <ac_nonexistent.h>
configure:5088: result: arm-arago-linux-gnueabi-g++ -E
configure:5112: arm-arago-linux-gnueabi-g++ -E  conftest.cc
configure:5118: $? = 0
configure:5150: arm-arago-linux-gnueabi-g++ -E  conftest.cc
conftest.cc:25:28: fatal error: ac_nonexistent.h: No such file or directory
compilation terminated.
configure:5156: $? = 1
configure: failed program was:
| /* confdefs.h.  */
| 
| #define PACKAGE_NAME "LinuxUtils"
| #define PACKAGE_TARNAME "linuxutils"
| #define PACKAGE_VERSION "4.0.0"
| #define PACKAGE_STRING "LinuxUtils 4.0.0"
| #define PACKAGE_BUGREPORT ""
| #define PACKAGE "linuxutils"
| #define VERSION "4.0.0"
| #define STDC_HEADERS 1
| #define HAVE_SYS_TYPES_H 1
| #define HAVE_SYS_STAT_H 1
| #define HAVE_STDLIB_H 1
| #define HAVE_STRING_H 1
| #define HAVE_MEMORY_H 1
| #define HAVE_STRINGS_H 1
| #define HAVE_INTTYPES_H 1
| #define HAVE_STDINT_H 1
| #define HAVE_UNISTD_H 1
| #define HAVE_DLFCN_H 1
| #ifdef __cplusplus
| extern "C" void exit (int) throw ();
| #endif
| /* end confdefs.h.  */
| #include <ac_nonexistent.h>
configure:5206: checking the maximum length of command line arguments
configure:5315: result: 32768
configure:5326: checking command to parse /usr/bin/arago-2011.09/armv5te/bin/arm-arago-linux-gnueabi-nm -B output from arm-arago-linux-gnueabi-gcc object
configure:5431: arm-arago-linux-gnueabi-g++ -c -g -O2  conftest.cc >&5
configure:5434: $? = 0
configure:5438: /usr/bin/arago-2011.09/armv5te/bin/arm-arago-linux-gnueabi-nm -B conftest.o \| sed -n -e 's/^.*[ 	]\([ABCDGIRSTW][ABCDGIRSTW]*\)[ 	][ 	]*\([_A-Za-z][_A-Za-z0-9]*\)$/\1 \2 \2/p' \> conftest.nm
configure:5441: $? = 0
configure:5493: arm-arago-linux-gnueabi-g++ -o conftest -g -O2   conftest.cc conftstm.o >&5
configure:5496: $? = 0
configure:5534: result: ok
configure:5538: checking for objdir
configure:5553: result: .libs
configure:5605: checking for arm-arago-linux-gnueabi-ar
configure:5621: found /usr/bin/arago-2011.09/armv5te/bin/arm-arago-linux-gnueabi-ar
configure:5631: result: arm-arago-linux-gnueabi-ar
configure:5685: checking for arm-arago-linux-gnueabi-ranlib
configure:5701: found /usr/bin/arago-2011.09/armv5te/bin/arm-arago-linux-gnueabi-ranlib
configure:5711: result: arm-arago-linux-gnueabi-ranlib
configure:5765: checking for arm-arago-linux-gnueabi-strip
configure:5791: result: arm-arago-linux-gnueabi-strip
configure:6102: checking if arm-arago-linux-gnueabi-gcc supports -fno-rtti -fno-exceptions
configure:6120: arm-arago-linux-gnueabi-gcc -c -g -O2  -fno-rtti -fno-exceptions conftest.c >&5
cc1: warning: command line option "-fno-rtti" is valid for C++/ObjC++ but not for C
configure:6124: $? = 0
configure:6137: result: no
configure:6152: checking for arm-arago-linux-gnueabi-gcc option to produce PIC
configure:6362: result: -fPIC
configure:6370: checking if arm-arago-linux-gnueabi-gcc PIC flag -fPIC works
configure:6388: arm-arago-linux-gnueabi-gcc -c -g -O2  -fPIC -DPIC conftest.c >&5
configure:6392: $? = 0
configure:6405: result: yes
configure:6433: checking if arm-arago-linux-gnueabi-gcc static flag -static works
configure:6461: result: yes
configure:6471: checking if arm-arago-linux-gnueabi-gcc supports -c -o file.o
configure:6492: arm-arago-linux-gnueabi-gcc -c -g -O2  -o out/conftest2.o conftest.c >&5
configure:6496: $? = 0
configure:6518: result: yes
configure:6544: checking whether the arm-arago-linux-gnueabi-gcc linker (/usr/bin/arago-2011.09/armv5te/arm-arago-linux-gnueabi/bin/ld) supports shared libraries
configure:7502: result: yes
configure:7523: checking whether -lc should be explicitly linked in
configure:7528: arm-arago-linux-gnueabi-gcc -c -g -O2  conftest.c >&5
configure:7531: $? = 0
configure:7546: arm-arago-linux-gnueabi-gcc -shared conftest.o  -v -Wl,-soname -Wl,conftest -o conftest 2\>\&1 \| grep  -lc  \>/dev/null 2\>\&1
configure:7549: $? = 0
configure:7561: result: no
configure:7569: checking dynamic linker characteristics
configure:8157: result: GNU/Linux ld.so
configure:8166: checking how to hardcode library paths into programs
configure:8191: result: immediate
configure:8205: checking whether stripping libraries is possible
configure:8210: result: yes
configure:9044: checking if libtool supports shared libraries
configure:9046: result: yes
configure:9049: checking whether to build shared libraries
configure:9070: result: yes
configure:9073: checking whether to build static libraries
configure:9077: result: yes
configure:9169: creating libtool
configure:9757: checking for ld used by arm-arago-linux-gnueabi-g++
configure:9824: result: /usr/bin/arago-2011.09/armv5te/arm-arago-linux-gnueabi/bin/ld
configure:9833: checking if the linker (/usr/bin/arago-2011.09/armv5te/arm-arago-linux-gnueabi/bin/ld) is GNU ld
configure:9848: result: yes
configure:9899: checking whether the arm-arago-linux-gnueabi-g++ linker (/usr/bin/arago-2011.09/armv5te/arm-arago-linux-gnueabi/bin/ld) supports shared libraries
configure:10837: result: yes
configure:10855: arm-arago-linux-gnueabi-g++ -c -g -O2  conftest.cpp >&5
configure:10858: $? = 0
configure:10977: checking for arm-arago-linux-gnueabi-g++ option to produce PIC
configure:11251: result: -fPIC
configure:11259: checking if arm-arago-linux-gnueabi-g++ PIC flag -fPIC works
configure:11277: arm-arago-linux-gnueabi-g++ -c -g -O2  -fPIC -DPIC conftest.cpp >&5
configure:11281: $? = 0
configure:11294: result: yes
configure:11322: checking if arm-arago-linux-gnueabi-g++ static flag -static works
configure:11350: result: yes
configure:11360: checking if arm-arago-linux-gnueabi-g++ supports -c -o file.o
configure:11381: arm-arago-linux-gnueabi-g++ -c -g -O2  -o out/conftest2.o conftest.cpp >&5
configure:11385: $? = 0
configure:11407: result: yes
configure:11433: checking whether the arm-arago-linux-gnueabi-g++ linker (/usr/bin/arago-2011.09/armv5te/arm-arago-linux-gnueabi/bin/ld) supports shared libraries
configure:11458: result: yes
configure:11525: checking dynamic linker characteristics
configure:12113: result: GNU/Linux ld.so
configure:12122: checking how to hardcode library paths into programs
configure:12147: result: immediate
configure:15734: checking for arm-arago-linux-gnueabi-gcc
configure:15760: result: arm-arago-linux-gnueabi-gcc
configure:15823: checking for C compiler version
configure:15826: arm-arago-linux-gnueabi-gcc --version </dev/null >&5
arm-arago-linux-gnueabi-gcc (GCC) 4.5.3 20110311 (prerelease)
Copyright (C) 2010 Free Software Foundation, Inc.
This is free software; see the source for copying conditions.  There is NO
warranty; not even for MERCHANTABILITY or FITNESS FOR A PARTICULAR PURPOSE.

configure:15829: $? = 0
configure:15831: arm-arago-linux-gnueabi-gcc -v </dev/null >&5
Using built-in specs.
COLLECT_GCC=arm-arago-linux-gnueabi-gcc
Target: arm-arago-linux-gnueabi
Configured with: /home/a0868396/toolchain/arago-tmp/work/i686-armv5te-sdk-arago-linux-gnueabi/gcc-cross-sdk-4.5-r41.2+svnr170880-arago1/gcc-4_5-branch/configure --build=i686-linux --host=i686-linux --target=arm-arago-linux-gnueabi --prefix=/arago-2011.09/armv5te --exec_prefix=/arago-2011.09/armv5te --bindir=/arago-2011.09/armv5te/bin --sbindir=/arago-2011.09/armv5te/bin --libexecdir=/arago-2011.09/armv5te/libexec --datadir=/arago-2011.09/armv5te/share --sysconfdir=/arago-2011.09/armv5te/etc --sharedstatedir=/arago-2011.09/armv5te/share/com --localstatedir=/arago-2011.09/armv5te/var --libdir=/arago-2011.09/armv5te/lib --includedir=/arago-2011.09/armv5te/include --oldincludedir=/arago-2011.09/armv5te/include --infodir=/arago-2011.09/armv5te/share/info --mandir=/arago-2011.09/armv5te/share/man --enable-largefile --disable-nls --enable-ipv6 --with-gnu-ld --enable-shared --enable-languages=c,c++,objc,fortran --enable-threads=posix --disable-multilib --enable-c99 --enable-long-long --enable-symvers=gnu --enable-libstdcxx-pch --program-prefix=arm-arago-linux-gnueabi- --enable-target-optspace --enable-lto --enable-libssp --disable-bootstrap --disable-libgomp --disable-libmudflap --with-float=soft --with-sysroot=/arago-2011.09/armv5te/arm-arago-linux-gnueabi --with-build-time-tools=/home/a0868396/toolchain/arago-tmp/sysroots/i686-linux/usr/armv5te/arm-arago-linux-gnueabi/bin --with-build-sysroot=/home/a0868396/toolchain/arago-tmp/sysroots/armv5te-arago-linux-gnueabi --disable-libunwind-exceptions --with-mpfr=/home/a0868396/toolchain/arago-tmp/sysroots/i686-linux/usr --with-system-zlib --enable-__cxa_atexit --with-ppl=no --with-cloog=no
Thread model: posix
gcc version 4.5.3 20110311 (prerelease) (GCC) 
configure:15834: $? = 0
configure:15836: arm-arago-linux-gnueabi-gcc -V </dev/null >&5
arm-arago-linux-gnueabi-gcc: '-V' option must have argument
configure:15839: $? = 1
configure:15842: checking whether we are using the GNU C compiler
configure:15898: result: yes
configure:15904: checking whether arm-arago-linux-gnueabi-gcc accepts -g
configure:15955: result: yes
configure:15972: checking for arm-arago-linux-gnueabi-gcc option to accept ANSI C
configure:16079: result: none needed
configure:16097: arm-arago-linux-gnueabi-gcc -c -g -O2  conftest.c >&5
conftest.c:2:9: error: expected '=', ',', ';', 'asm' or '__attribute__' before 'me'
configure:16103: $? = 1
configure: failed program was:
| #ifndef __cplusplus
|   choke me
| #endif
configure:16238: checking dependency style of arm-arago-linux-gnueabi-gcc
configure:16328: result: gcc3
configure:16358: checking for a BSD-compatible install
configure:16413: result: /usr/bin/install -c
configure:16426: checking for ANSI C header files
configure:16582: result: yes
configure:16609: checking fcntl.h usability
configure:16621: arm-arago-linux-gnueabi-gcc -c -g -O2  conftest.c >&5
configure:16627: $? = 0
configure:16631: test -z 
			 || test ! -s conftest.err
configure:16634: $? = 0
configure:16637: test -s conftest.o
configure:16640: $? = 0
configure:16650: result: yes
configure:16654: checking fcntl.h presence
configure:16664: arm-arago-linux-gnueabi-gcc -E  conftest.c
configure:16670: $? = 0
configure:16690: result: yes
configure:16725: checking for fcntl.h
configure:16732: result: yes
configure:16600: checking for string.h
configure:16605: result: yes
configure:16609: checking sys/ioctl.h usability
configure:16621: arm-arago-linux-gnueabi-gcc -c -g -O2  conftest.c >&5
configure:16627: $? = 0
configure:16631: test -z 
			 || test ! -s conftest.err
configure:16634: $? = 0
configure:16637: test -s conftest.o
configure:16640: $? = 0
configure:16650: result: yes
configure:16654: checking sys/ioctl.h presence
configure:16664: arm-arago-linux-gnueabi-gcc -E  conftest.c
configure:16670: $? = 0
configure:16690: result: yes
configure:16725: checking for sys/ioctl.h
configure:16732: result: yes
configure:16600: checking for unistd.h
configure:16605: result: yes
configure:16918: creating ./config.status

## ---------------------- ##
## Running config.status. ##
## ---------------------- ##

This file was extended by LinuxUtils config.status 4.0.0, which was
generated by GNU Autoconf 2.59.  Invocation command line was

  CONFIG_FILES    = 
  CONFIG_HEADERS  = 
  CONFIG_LINKS    = 
  CONFIG_COMMANDS = 
  $ ./config.status 

on CM50T02

config.status:710: creating Makefile
config.status:710: creating src/cmem/api/Makefile
config.status:710: creating src/cmem/tests/Makefile
config.status:893: executing depfiles commands

## ---------------- ##
## Cache variables. ##
## ---------------- ##

ac_cv_build=x86_64-unknown-linux
ac_cv_build_alias=x86_64-unknown-linux
ac_cv_c_compiler_gnu=yes
ac_cv_cxx_compiler_gnu=yes
ac_cv_env_CC_set=
ac_cv_env_CC_value=
ac_cv_env_CFLAGS_set=
ac_cv_env_CFLAGS_value=
ac_cv_env_CPPFLAGS_set=
ac_cv_env_CPPFLAGS_value=
ac_cv_env_CPP_set=
ac_cv_env_CPP_value=
ac_cv_env_CXXCPP_set=
ac_cv_env_CXXCPP_value=
ac_cv_env_CXXFLAGS_set=
ac_cv_env_CXXFLAGS_value=
ac_cv_env_CXX_set=
ac_cv_env_CXX_value=
ac_cv_env_LDFLAGS_set=
ac_cv_env_LDFLAGS_value=
ac_cv_env_build_alias_set=
ac_cv_env_build_alias_value=
ac_cv_env_host_alias_set=set
ac_cv_env_host_alias_value=arm-arago-linux-gnueabi
ac_cv_env_target_alias_set=
ac_cv_env_target_alias_value=
ac_cv_exeext=
ac_cv_header_dlfcn_h=yes
ac_cv_header_fcntl_h=yes
ac_cv_header_inttypes_h=yes
ac_cv_header_memory_h=yes
ac_cv_header_stdc=yes
ac_cv_header_stdint_h=yes
ac_cv_header_stdlib_h=yes
ac_cv_header_string_h=yes
ac_cv_header_strings_h=yes
ac_cv_header_sys_ioctl_h=yes
ac_cv_header_sys_stat_h=yes
ac_cv_header_sys_types_h=yes
ac_cv_header_unistd_h=yes
ac_cv_host=arm-arago-linux-gnueabi
ac_cv_host_alias=arm-arago-linux-gnueabi
ac_cv_objext=o
ac_cv_path_install='/usr/bin/install -c'
ac_cv_prog_AR=arm-arago-linux-gnueabi-ar
ac_cv_prog_AWK=mawk
ac_cv_prog_CC=arm-arago-linux-gnueabi-gcc
ac_cv_prog_CPP='arm-arago-linux-gnueabi-gcc -E'
ac_cv_prog_CXX=arm-arago-linux-gnueabi-g++
ac_cv_prog_CXXCPP='arm-arago-linux-gnueabi-g++ -E'
ac_cv_prog_RANLIB=arm-arago-linux-gnueabi-ranlib
ac_cv_prog_STRIP=arm-arago-linux-gnueabi-strip
ac_cv_prog_cc_g=yes
ac_cv_prog_cc_stdc=
ac_cv_prog_cxx_g=yes
ac_cv_prog_egrep='grep -E'
ac_cv_prog_make_make_set=yes
am_cv_CC_dependencies_compiler_type=gcc3
am_cv_CXX_dependencies_compiler_type=gcc3
lt_cv_deplibs_check_method=pass_all
lt_cv_file_magic_cmd='$MAGIC_CMD'
lt_cv_file_magic_test_file=
lt_cv_ld_reload_flag=-r
lt_cv_objdir=.libs
lt_cv_path_LD=/usr/bin/arago-2011.09/armv5te/arm-arago-linux-gnueabi/bin/ld
lt_cv_path_LDCXX=/usr/bin/arago-2011.09/armv5te/arm-arago-linux-gnueabi/bin/ld
lt_cv_path_NM='/usr/bin/arago-2011.09/armv5te/bin/arm-arago-linux-gnueabi-nm -B'
lt_cv_path_SED=/bin/sed
lt_cv_prog_compiler_c_o=yes
lt_cv_prog_compiler_c_o_CXX=yes
lt_cv_prog_compiler_rtti_exceptions=no
lt_cv_prog_gnu_ld=yes
lt_cv_prog_gnu_ldcxx=yes
lt_cv_sys_global_symbol_pipe='sed -n -e '\''s/^.*[ 	]\([ABCDGIRSTW][ABCDGIRSTW]*\)[ 	][ 	]*\([_A-Za-z][_A-Za-z0-9]*\)$/\1 \2 \2/p'\'''
lt_cv_sys_global_symbol_to_c_name_address='sed -n -e '\''s/^: \([^ ]*\) $/  {\"\1\", (lt_ptr) 0},/p'\'' -e '\''s/^[BCDEGRST] \([^ ]*\) \([^ ]*\)$/  {"\2", (lt_ptr) \&\2},/p'\'''
lt_cv_sys_global_symbol_to_cdecl='sed -n -e '\''s/^. .* \(.*\)$/extern int \1;/p'\'''
lt_cv_sys_max_cmd_len=32768
lt_lt_cv_prog_compiler_c_o='"yes"'
lt_lt_cv_prog_compiler_c_o_CXX='"yes"'
lt_lt_cv_sys_global_symbol_pipe='"sed -n -e '\''s/^.*[ 	]\\([ABCDGIRSTW][ABCDGIRSTW]*\\)[ 	][ 	]*\\([_A-Za-z][_A-Za-z0-9]*\\)\$/\\1 \\2 \\2/p'\''"'
lt_lt_cv_sys_global_symbol_to_c_name_address='"sed -n -e '\''s/^: \\([^ ]*\\) \$/  {\\\"\\1\\\", (lt_ptr) 0},/p'\'' -e '\''s/^[BCDEGRST] \\([^ ]*\\) \\([^ ]*\\)\$/  {\"\\2\", (lt_ptr) \\&\\2},/p'\''"'
lt_lt_cv_sys_global_symbol_to_cdecl='"sed -n -e '\''s/^. .* \\(.*\\)\$/extern int \\1;/p'\''"'

## ----------------- ##
## Output variables. ##
## ----------------- ##

ACLOCAL='${SHELL} /home/anirudh/TI/linuxutils_4_00_00_06/build-aux/missing --run aclocal-1.9'
AMDEPBACKSLASH='\'
AMDEP_FALSE='#'
AMDEP_TRUE=''
AMTAR='${SHELL} /home/anirudh/TI/linuxutils_4_00_00_06/build-aux/missing --run tar'
AM_CFLAGS=''
AM_LDFLAGS=''
AR='arm-arago-linux-gnueabi-ar'
AUTOCONF='${SHELL} /home/anirudh/TI/linuxutils_4_00_00_06/build-aux/missing --run autoconf'
AUTOHEADER='${SHELL} /home/anirudh/TI/linuxutils_4_00_00_06/build-aux/missing --run autoheader'
AUTOMAKE='${SHELL} /home/anirudh/TI/linuxutils_4_00_00_06/build-aux/missing --run automake-1.9'
AWK='mawk'
CC='arm-arago-linux-gnueabi-gcc'
CCDEPMODE='depmode=gcc3'
CFLAGS='-g -O2'
CPP='arm-arago-linux-gnueabi-gcc -E'
CPPFLAGS=''
CXX='arm-arago-linux-gnueabi-g++'
CXXCPP='arm-arago-linux-gnueabi-g++ -E'
CXXDEPMODE='depmode=gcc3'
CXXFLAGS='-g -O2'
CYGPATH_W='echo'
DEFS='-DPACKAGE_NAME=\"LinuxUtils\" -DPACKAGE_TARNAME=\"linuxutils\" -DPACKAGE_VERSION=\"4.0.0\" -DPACKAGE_STRING=\"LinuxUtils\ 4.0.0\" -DPACKAGE_BUGREPORT=\"\" -DPACKAGE=\"linuxutils\" -DVERSION=\"4.0.0\" -DSTDC_HEADERS=1 -DHAVE_SYS_TYPES_H=1 -DHAVE_SYS_STAT_H=1 -DHAVE_STDLIB_H=1 -DHAVE_STRING_H=1 -DHAVE_MEMORY_H=1 -DHAVE_STRINGS_H=1 -DHAVE_INTTYPES_H=1 -DHAVE_STDINT_H=1 -DHAVE_UNISTD_H=1 -DHAVE_DLFCN_H=1 -DSTDC_HEADERS=1 -DHAVE_FCNTL_H=1 -DHAVE_STRING_H=1 -DHAVE_SYS_IOCTL_H=1 -DHAVE_UNISTD_H=1 '
DEPDIR='.deps'
ECHO='echo'
ECHO_C=''
ECHO_N='-n'
ECHO_T=''
EGREP='grep -E'
EXEEXT=''
INSTALL_DATA='${INSTALL} -m 644'
INSTALL_PROGRAM='${INSTALL}'
INSTALL_SCRIPT='${INSTALL}'
INSTALL_STRIP_PROGRAM='${SHELL} $(install_sh) -c -s'
LDFLAGS=''
LIBOBJS=''
LIBS=''
LIBTOOL='$(SHELL) $(top_builddir)/libtool'
LN_S='ln -s'
LTLIBOBJS=''
MAINT='#'
MAINTAINER_MODE_FALSE=''
MAINTAINER_MODE_TRUE='#'
MAKEINFO='${SHELL} /home/anirudh/TI/linuxutils_4_00_00_06/build-aux/missing --run makeinfo'
OBJEXT='o'
PACKAGE='linuxutils'
PACKAGE_BUGREPORT=''
PACKAGE_NAME='LinuxUtils'
PACKAGE_STRING='LinuxUtils 4.0.0'
PACKAGE_TARNAME='linuxutils'
PACKAGE_VERSION='4.0.0'
PATH_SEPARATOR=':'
RANLIB='arm-arago-linux-gnueabi-ranlib'
SET_MAKE=''
SHELL='/bin/sh'
STRIP='arm-arago-linux-gnueabi-strip'
VERSION='4.0.0'
ac_ct_AR=''
ac_ct_CC=''
ac_ct_CXX=''
ac_ct_RANLIB=''
ac_ct_STRIP=''
am__fastdepCC_FALSE='#'
am__fastdepCC_TRUE=''
am__fastdepCXX_FALSE='#'
am__fastdepCXX_TRUE=''
am__include='include'
am__leading_dot='.'
am__quote=''
am__tar='${AMTAR} chof - "$$tardir"'
am__untar='${AMTAR} xf -'
bindir='${exec_prefix}/bin'
build='x86_64-unknown-linux'
build_alias=''
build_cpu='x86_64'
build_os='linux'
build_vendor='unknown'
datadir='${prefix}/share'
exec_prefix='${prefix}'
host='arm-arago-linux-gnueabi'
host_alias='arm-arago-linux-gnueabi'
host_cpu='arm'
host_os='linux-gnueabi'
host_vendor='arago'
includedir='${prefix}/include'
infodir='${prefix}/info'
install_sh='/home/anirudh/TI/linuxutils_4_00_00_06/build-aux/install-sh'
libdir='${exec_prefix}/lib'
libexecdir='${exec_prefix}/libexec'
localstatedir='${prefix}/var'
mandir='${prefix}/man'
mkdir_p='mkdir -p --'
oldincludedir='/usr/include'
prefix='/usr/local'
program_transform_name='s,x,x,'
sbindir='${exec_prefix}/sbin'
sharedstatedir='${prefix}/com'
sysconfdir='${prefix}/etc'
target_alias=''

## ----------- ##
## confdefs.h. ##
## ----------- ##

#define HAVE_DLFCN_H 1
#define HAVE_FCNTL_H 1
#define HAVE_INTTYPES_H 1
#define HAVE_MEMORY_H 1
#define HAVE_STDINT_H 1
#define HAVE_STDLIB_H 1
#define HAVE_STRINGS_H 1
#define HAVE_STRING_H 1
#define HAVE_STRING_H 1
#define HAVE_SYS_IOCTL_H 1
#define HAVE_SYS_STAT_H 1
#define HAVE_SYS_TYPES_H 1
#define HAVE_UNISTD_H 1
#define HAVE_UNISTD_H 1
#define PACKAGE "linuxutils"
#define PACKAGE_BUGREPORT ""
#define PACKAGE_NAME "LinuxUtils"
#define PACKAGE_STRING "LinuxUtils 4.0.0"
#define PACKAGE_TARNAME "linuxutils"
#define PACKAGE_VERSION "4.0.0"
#define STDC_HEADERS 1
#define STDC_HEADERS 1
#define VERSION "4.0.0"
#endif
#ifdef __cplusplus
extern "C" void exit (int) throw ();

configure: exit 0
